d:\bstu\kurs_3_1\sp(smelof)\htcom\os13_htcom\x64\debug\os13_htcom.pch
d:\bstu\kurs_3_1\sp(smelof)\htcom\os13_htcom\x64\debug\vc143.pdb
d:\bstu\kurs_3_1\sp(smelof)\htcom\os13_htcom\x64\debug\vc143.idb
d:\bstu\kurs_3_1\sp(smelof)\htcom\os13_htcom\x64\debug\pch.obj
d:\bstu\kurs_3_1\sp(smelof)\htcom\os13_htcom\x64\debug\registry.obj
d:\bstu\kurs_3_1\sp(smelof)\htcom\os13_htcom\x64\debug\dllmain.obj
d:\bstu\kurs_3_1\sp(smelof)\htcom\os13_htcom\x64\debug\componentht.obj
d:\bstu\kurs_3_1\sp(smelof)\htcom\os13_htcom\x64\debug\classfactory.obj
d:\bstu\kurs_3_1\sp(smelof)\htcom\os13_htcom\x64\debug\os13_htcom.ilk
d:\bstu\kurs_3_1\sp(smelof)\htcom\x64\debug\os13_htcom.dll
d:\bstu\kurs_3_1\sp(smelof)\htcom\x64\debug\os13_htcom.pdb
d:\bstu\kurs_3_1\sp(smelof)\htcom\x64\debug\os13_htcom.lib
d:\bstu\kurs_3_1\sp(smelof)\htcom\x64\debug\os13_htcom.exp
d:\bstu\kurs_3_1\sp(smelof)\htcom\os13_htcom\x64\debug\os13_htcom.tlog\cl.command.1.tlog
d:\bstu\kurs_3_1\sp(smelof)\htcom\os13_htcom\x64\debug\os13_htcom.tlog\cl.items.tlog
d:\bstu\kurs_3_1\sp(smelof)\htcom\os13_htcom\x64\debug\os13_htcom.tlog\cl.read.1.tlog
d:\bstu\kurs_3_1\sp(smelof)\htcom\os13_htcom\x64\debug\os13_htcom.tlog\cl.write.1.tlog
d:\bstu\kurs_3_1\sp(smelof)\htcom\os13_htcom\x64\debug\os13_htcom.tlog\link.command.1.tlog
d:\bstu\kurs_3_1\sp(smelof)\htcom\os13_htcom\x64\debug\os13_htcom.tlog\link.read.1.tlog
d:\bstu\kurs_3_1\sp(smelof)\htcom\os13_htcom\x64\debug\os13_htcom.tlog\link.write.1.tlog
d:\bstu\kurs_3_1\sp(smelof)\htcom\os13_htcom\x64\debug\os13_htcom.tlog\link.write.2u.tlog
